<?xml version="1.0" encoding="UTF-8"?>
<Site BuildName="(empty)"
	BuildStamp="20250217-0530-Experimental"
	Name="G15"
	Generator="ctest-3.22.1"
	CompilerName="/usr/bin/g++"
	CompilerVersion="9.4.0"
	OSName="Linux"
	Hostname="G15"
	OSRelease="5.15.0-113-generic"
	OSVersion="#123~20.04.1-Ubuntu SMP Wed Jun 12 17:33:13 UTC 2024"
	OSPlatform="x86_64"
	Is64Bits="1"
	VendorString="GenuineIntel"
	VendorID="Intel Corporation"
	FamilyID="6"
	ModelID="141"
	ProcessorCacheSize="24576"
	NumberOfLogicalCPU="16"
	NumberOfPhysicalCPU="8"
	TotalVirtualMemory="17165"
	TotalPhysicalMemory="15715"
	LogicalProcessorsPerPhysical="2"
	ProcessorClockFrequency="4147.67"
	>
	<Testing>
		<StartDateTime>Feb 17 20:45 CST</StartDateTime>
		<StartTestTime>1739796357</StartTestTime>
		<TestList/>
		<EndDateTime>Feb 17 20:45 CST</EndDateTime>
		<EndTestTime>1739796357</EndTestTime>
		<ElapsedMinutes>0</ElapsedMinutes>
	</Testing>
</Site>
